2020-03-22 10:43:30.768 [main] DEBUG c.s.d.ProductCategoryDao.queryProductCategoryList - ==>  Preparing: SELECT product_category_id, product_category_name, priority, create_time, shop_id FROM tb_product_category WHERE shop_id = ? 
2020-03-22 10:43:30.837 [main] DEBUG c.s.d.ProductCategoryDao.queryProductCategoryList - ==> Parameters: 2(Long)
2020-03-22 10:43:30.852 [main] DEBUG c.s.d.ProductCategoryDao.queryProductCategoryList - <==      Total: 0
2020-03-22 10:44:56.541 [main] DEBUG c.s.d.ProductCategoryDao.queryProductCategoryList - ==>  Preparing: SELECT product_category_id, product_category_name, priority, create_time, shop_id FROM tb_product_category WHERE shop_id = ? 
2020-03-22 10:44:56.578 [main] DEBUG c.s.d.ProductCategoryDao.queryProductCategoryList - ==> Parameters: 2(Long)
2020-03-22 10:44:56.594 [main] DEBUG c.s.d.ProductCategoryDao.queryProductCategoryList - <==      Total: 2
2020-03-22 16:50:34.680 [main] DEBUG c.s.d.P.batchInsertProductCategory - ==>  Preparing: INSERT INTO tb_product_category (product_category_name, priority, create_time, shop_id) VALUES ( ?, ?, ?, ? ) , ( ?, ?, ?, ? ) WHERE shop_id = ? ORDER BY priority DESC 
2020-03-22 16:54:25.897 [main] DEBUG c.s.d.P.batchInsertProductCategory - ==>  Preparing: INSERT INTO tb_product_category (product_category_name, priority, create_time, shop_id) VALUES ( ?, ?, ?, ? ) , ( ?, ?, ?, ? ) 
2020-03-22 16:54:25.938 [main] DEBUG c.s.d.P.batchInsertProductCategory - ==> Parameters: pCat2(String), 2(Integer), 2020-03-22 16:54:24.981(Timestamp), 2(Long), null, null, null, null
2020-03-22 16:56:41.143 [main] DEBUG c.s.d.P.batchInsertProductCategory - ==>  Preparing: INSERT INTO tb_product_category (product_category_name, priority, create_time, shop_id) VALUES ( ?, ?, ?, ? ) , ( ?, ?, ?, ? ) 
2020-03-22 16:56:41.176 [main] DEBUG c.s.d.P.batchInsertProductCategory - ==> Parameters: pCat2(String), 2(Integer), 2020-03-22 16:56:40.331(Timestamp), 2(Long), null, null, null, null
2020-03-22 17:47:05.877 [main] DEBUG c.s.d.P.batchInsertProductCategory - ==>  Preparing: INSERT INTO tb_product_category (product_category_name, priority, create_time, shop_id) VALUES ( ?, ?, ?, ? ) , ( ?, ?, ?, ? ) 
2020-03-22 17:47:05.917 [main] DEBUG c.s.d.P.batchInsertProductCategory - ==> Parameters: pCat2(String), 2(Integer), 2020-03-22 17:47:05.093(Timestamp), 2(Long), null, null, null, null
2020-03-22 17:48:57.676 [main] DEBUG c.s.d.P.batchInsertProductCategory - ==>  Preparing: INSERT INTO tb_product_category(product_category_name, priority, create_time, shop_id) VALUES ( ?, ?, ?, ? ) , ( ?, ?, ?, ? ) 
2020-03-22 17:48:57.712 [main] DEBUG c.s.d.P.batchInsertProductCategory - ==> Parameters: pCat2(String), 2(Integer), 2020-03-22 17:48:56.894(Timestamp), 2(Long), null, null, null, null
2020-03-22 17:52:59.663 [main] DEBUG c.s.d.P.batchInsertProductCategory - ==>  Preparing: INSERT INTO tb_product_category(product_category_name, priority, create_time, shop_id) VALUES ( ?, ?, ?, ? ) , ( ?, ?, ?, ? ) 
2020-03-22 17:52:59.698 [main] DEBUG c.s.d.P.batchInsertProductCategory - ==> Parameters: pCat1(String), 1(Integer), 2020-03-22 17:52:58.869(Timestamp), 2(Long), pCat2(String), 2(Integer), 2020-03-22 17:52:58.869(Timestamp), 2(Long)
2020-03-22 17:52:59.705 [main] DEBUG c.s.d.P.batchInsertProductCategory - <==    Updates: 2
2020-03-22 17:55:28.300 [main] DEBUG c.s.d.P.batchInsertProductCategory - ==>  Preparing: INSERT INTO tb_product_category (product_category_name, priority, create_time, shop_id) VALUES ( ?, ?, ?, ? ) , ( ?, ?, ?, ? ) 
2020-03-22 17:55:28.345 [main] DEBUG c.s.d.P.batchInsertProductCategory - ==> Parameters: pCat1(String), 1(Integer), 2020-03-22 17:55:27.522(Timestamp), 2(Long), pCat2(String), 2(Integer), 2020-03-22 17:55:27.522(Timestamp), 2(Long)
2020-03-22 17:55:28.349 [main] DEBUG c.s.d.P.batchInsertProductCategory - <==    Updates: 2
